<?xml version="1.0" encoding="UTF-8"?>
<!-- Generated by org.testng.reporters.JUnitReportReporter -->
<testsuite hostname="Curam-D5T6FX1" name="com.tests.WebsiteTest" tests="3" failures="0" timestamp="1 Oct 2018 21:45:01 GMT" time="32.660" errors="0">
  <testcase name="testAddToCart" time="14.182" classname="com.tests.WebsiteTest"/>
  <testcase name="testAddToCart" time="10.088" classname="com.tests.WebsiteTest"/>
  <testcase name="testAddToCart" time="8.390" classname="com.tests.WebsiteTest"/>
</testsuite>
