<?xml version="1.0" encoding="UTF-8"?>
<!-- Generated by org.testng.reporters.JUnitReportReporter -->
<testsuite hostname="Curam-D5T6FX1" name="com.tests.FirstTests" tests="1" failures="0" timestamp="1 Oct 2018 20:37:45 GMT" time="15.788" errors="0">
  <testcase name="testAddingToTheCard" time="15.788" classname="com.tests.FirstTests"/>
</testsuite>
